*** Using Compiler 'V5.06 update 3 (build 300)', folder: 'C:\Keil_v5\ARM\ARMCC\Bin'
Build target 'Target 1'
compiling ascii.c...
compiling core_cm3.c...
"no source": Error: command-line:  #564: cannot open embedded assembler output file "C:\Windows\TEMP\p5114-2": No such file or directory
..\CORE\core_cm3.c: 0 warnings, 1 error
assembling startup_stm32f10x_hd.s...
compiling esp8266.c...
esp8266.c(12): error:  #5: cannot open source input file "lcd.h": No such file or directory
  #include "lcd.h"
esp8266.c: 0 warnings, 1 error
compiling ana.c...
ana.c(7): error:  #5: cannot open source input file "lcd.h": No such file or directory
  #include "lcd.h"
ana.c: 0 warnings, 1 error
compiling stm32f10x_it.c...
compiling malloc.c...
malloc.c(72): warning:  #940-D: missing return statement at end of non-void function "mem_perused"
  }  
malloc.c(142): warning:  #940-D: missing return statement at end of non-void function "mymalloc"
  }  
malloc.c(158): warning:  #940-D: missing return statement at end of non-void function "myrealloc"
  }
malloc.c: 3 warnings, 0 errors
compiling main.c...
main.c(9): error:  #5: cannot open source input file "lcd_init.h": No such file or directory
  #include "lcd_init.h"
main.c: 0 warnings, 1 error
compiling delay.c...
compiling sys.c...
"no source": Error: command-line:  #564: cannot open embedded assembler output file "C:\Windows\TEMP\p55a4-2": No such file or directory
..\SYSTEM\sys\sys.c: 0 warnings, 1 error
compiling usart.c...
..\SYSTEM\usart\usart.c(228): warning:  #550-D: variable "res" was set but never used
     u8 res;
..\SYSTEM\usart\usart.c: 1 warning, 0 errors
compiling system_stm32f10x.c...
compiling cJSON.c...
cJSON.c(76): warning:  #1293-D: assignment in condition
        if (!(copy = (char*)cJSON_malloc(len))) return 0;
cJSON.c(303): warning:  #1293-D: assignment in condition
  	ptr=str;while ((token=*ptr) && ++len) {if (strchr("\"\\\b\f\n\r\t",token)) len++; else if (token<32) len+=5;ptr++;}
cJSON.c(377): warning:  #111-D: statement is unreachable
  	return p.buffer;
cJSON.c(448): warning:  #1293-D: assignment in condition
  		if (!(new_item=cJSON_New_Item())) return 0; 	/* memory fail */
cJSON.c(560): warning:  #1293-D: assignment in condition
  		if (!(new_item=cJSON_New_Item()))	return 0; /* memory fail */
cJSON.c: 5 warnings, 0 errors
compiling stm32f10x_usart.c...
compiling stm32f10x_gpio.c...
compiling stm32f10x_bkp.c...
compiling stm32f10x_rcc.c...
compiling stm32f10x_dac.c...
compiling misc.c...
compiling stm32f10x_crc.c...
compiling stm32f10x_cec.c...
compiling stm32f10x_adc.c...
compiling stm32f10x_can.c...
compiling stm32f10x_dbgmcu.c...
compiling stm32f10x_iwdg.c...
compiling stm32f10x_dma.c...
compiling stm32f10x_fsmc.c...
compiling stm32f10x_pwr.c...
compiling stm32f10x_exti.c...
compiling stm32f10x_i2c.c...
compiling stm32f10x_rtc.c...
compiling stm32f10x_flash.c...
compiling jansson_config.c...
compiling stm32f10x_spi.c...
compiling stm32f10x_sdio.c...
compiling stm32f10x_wwdg.c...
compiling stm32f10x_tim.c...
"..\OBJ\USART.axf" - 3 Error(s), 9 Warning(s).
Target not created.
Build Time Elapsed:  00:00:05
